mode: set
github.com/nakatanakatana/feed-reader/store/db.go:19.28,21.2 1 1
github.com/nakatanakatana/feed-reader/store/db.go:27.47,31.2 1 1
github.com/nakatanakatana/feed-reader/store/feed_store.go:16.34,21.2 1 1
github.com/nakatanakatana/feed-reader/store/feed_store.go:34.90,36.16 2 1
github.com/nakatanakatana/feed-reader/store/feed_store.go:36.16,38.3 1 1
github.com/nakatanakatana/feed-reader/store/feed_store.go:39.2,53.16 5 1
github.com/nakatanakatana/feed-reader/store/feed_store.go:53.16,55.3 1 0
github.com/nakatanakatana/feed-reader/store/feed_store.go:58.2,62.16 2 1
github.com/nakatanakatana/feed-reader/store/feed_store.go:62.16,64.3 1 0
github.com/nakatanakatana/feed-reader/store/feed_store.go:67.2,68.16 2 1
github.com/nakatanakatana/feed-reader/store/feed_store.go:68.16,70.3 1 0
github.com/nakatanakatana/feed-reader/store/feed_store.go:72.2,72.20 1 1
github.com/nakatanakatana/feed-reader/store/query.sql.go:43.87,73.2 4 1
github.com/nakatanakatana/feed-reader/store/query.sql.go:90.87,93.2 2 1
github.com/nakatanakatana/feed-reader/store/query.sql.go:124.87,145.2 4 1
github.com/nakatanakatana/feed-reader/store/query.sql.go:156.76,159.2 2 1
github.com/nakatanakatana/feed-reader/store/query.sql.go:168.70,171.2 2 0
github.com/nakatanakatana/feed-reader/store/query.sql.go:182.75,201.2 4 0
github.com/nakatanakatana/feed-reader/store/query.sql.go:212.66,214.16 2 0
github.com/nakatanakatana/feed-reader/store/query.sql.go:214.16,216.3 1 0
github.com/nakatanakatana/feed-reader/store/query.sql.go:217.2,219.18 3 0
github.com/nakatanakatana/feed-reader/store/query.sql.go:219.18,235.17 2 0
github.com/nakatanakatana/feed-reader/store/query.sql.go:235.17,237.4 1 0
github.com/nakatanakatana/feed-reader/store/query.sql.go:238.3,238.27 1 0
github.com/nakatanakatana/feed-reader/store/query.sql.go:240.2,240.37 1 0
github.com/nakatanakatana/feed-reader/store/query.sql.go:240.37,242.3 1 0
github.com/nakatanakatana/feed-reader/store/query.sql.go:243.2,243.35 1 0
github.com/nakatanakatana/feed-reader/store/query.sql.go:243.35,245.3 1 0
github.com/nakatanakatana/feed-reader/store/query.sql.go:246.2,246.19 1 0
github.com/nakatanakatana/feed-reader/store/query.sql.go:281.87,311.2 4 0
